[0.155s] Invoking command in '/home/bo/amr_ws/final/ros-repo-3/ControlTower/build/interface_package': /usr/bin/cmake --build /home/bo/amr_ws/final/ros-repo-3/ControlTower/build/interface_package -- -j8 -l8
[0.172s] -- Found ament_cmake: 1.3.9 (/opt/ros/humble/share/ament_cmake/cmake)
[0.256s] Traceback (most recent call last):
[0.256s]   File "/opt/ros/humble/share/ament_cmake_core/cmake/package_templates/templates_2_cmake.py", line 21, in <module>
[0.256s]     from ament_package.templates import get_environment_hook_template_path
[0.256s] ModuleNotFoundError: No module named 'ament_package'
[0.264s] [31mCMake Error at /opt/ros/humble/share/ament_cmake_core/cmake/ament_cmake_package_templates-extras.cmake:41 (message):
[0.264s]   execute_process(/usr/bin/python3
[0.264s]   /opt/ros/humble/share/ament_cmake_core/cmake/package_templates/templates_2_cmake.py
[0.264s]   /home/bo/amr_ws/final/ros-repo-3/ControlTower/build/interface_package/ament_cmake_package_templates/templates.cmake)
[0.264s]   returned error code 1
[0.264s] Call Stack (most recent call first):
[0.264s]   /opt/ros/humble/share/ament_cmake_core/cmake/ament_cmake_coreConfig.cmake:41 (include)
[0.264s]   /opt/ros/humble/share/ament_cmake/cmake/ament_cmake_export_dependencies-extras.cmake:15 (find_package)
[0.264s]   /opt/ros/humble/share/ament_cmake/cmake/ament_cmakeConfig.cmake:41 (include)
[0.264s]   CMakeLists.txt:9 (find_package)
[0.264s] 
[0.264s] [0m
[0.264s] -- Configuring incomplete, errors occurred!
[0.264s] See also "/home/bo/amr_ws/final/ros-repo-3/ControlTower/build/interface_package/CMakeFiles/CMakeOutput.log".
[0.265s] gmake: *** [Makefile:2907: cmake_check_build_system] Error 1
[0.267s] Invoked command in '/home/bo/amr_ws/final/ros-repo-3/ControlTower/build/interface_package' returned '2': /usr/bin/cmake --build /home/bo/amr_ws/final/ros-repo-3/ControlTower/build/interface_package -- -j8 -l8
